[1m[92m    Updating[0m crates.io index
[1m[92m Downloading[0m crates ...
[1m[92m  Downloaded[0m cfg_aliases v0.2.1
[1m[92m  Downloaded[0m fs-err v3.3.0
[1m[92m  Downloaded[0m shlex v2.0.1
[1m[92m  Downloaded[0m ctrlc v3.5.2
[1m[92m  Downloaded[0m find-msvc-tools v0.1.9
[1m[92m  Downloaded[0m rustc-hash v2.1.2
[1m[92m  Downloaded[0m mimalloc v0.1.52
[1m[92m  Downloaded[0m cc v1.2.63
[1m[92m  Downloaded[0m nix v0.31.3
[1m[92m  Downloaded[0m libmimalloc-sys v0.1.49
[1m[92m   Compiling[0m libc v0.2.186
[1m[92m   Compiling[0m find-msvc-tools v0.1.9
[1m[92m   Compiling[0m shlex v2.0.1
[1m[92m   Compiling[0m cfg_aliases v0.2.1
[1m[92m   Compiling[0m nix v0.31.3
[1m[92m   Compiling[0m cc v1.2.63
[1m[92m   Compiling[0m fs-err v3.3.0
[1m[92m   Compiling[0m rustc-hash v2.1.2
[1m[92m   Compiling[0m libmimalloc-sys v0.1.49
[1m[92m   Compiling[0m getrandom v0.4.2
[1m[92m   Compiling[0m num_cpus v1.17.0
[1m[92m   Compiling[0m tempfile v3.27.0
[1m[92m   Compiling[0m ctrlc v3.5.2
[1m[92m   Compiling[0m mimalloc v0.1.52
[1m[92m   Compiling[0m tezt v0.1.0 (/home/runner/work/tezt/tezt)
[1m[92m    Finished[0m `release` profile [optimized] target(s) in 47.14s
